<?xml version="1.0" encoding="UTF-8"?>
<!-- Generated by org.testng.reporters.JUnitXMLReporter -->
<testsuite ignored="0" hostname="DESKTOP-1POSRRS" failures="0" tests="2" name="Error Validations Test" time="13.71" errors="0" timestamp="2026-05-15T08:38:48 IST">
  <testcase classname="ECommerceProject.Selenium.ErrorValidationTest" name="loginErrorValidation" time="1.121"/>
  <testcase classname="ECommerceProject.Selenium.ErrorValidationTest" name="productErrorValidation" time="2.709"/>
</testsuite> <!-- Error Validations Test -->
