<?xml version="1.0" encoding="UTF-8"?>
<!-- Generated by org.testng.reporters.JUnitXMLReporter -->
<testsuite ignored="0" hostname="DESKTOP-1POSRRS" failures="0" tests="3" name="Submit Order Test" time="49.379" errors="0" timestamp="2026-05-15T08:39:23 IST">
  <testcase classname="ECommerceProject.Selenium.SubmitOrderTest" name="submitOrder" time="15.765"/>
  <testcase classname="ECommerceProject.Selenium.SubmitOrderTest" name="submitOrder" time="15.438"/>
  <testcase classname="ECommerceProject.Selenium.SubmitOrderTest" name="orderHistoryTest" time="1.469"/>
</testsuite> <!-- Submit Order Test -->
