<?xml version="1.0" encoding="UTF-8"?>
<testng-results ignored="0" total="5" passed="5" failed="0" skipped="0">
  <reporter-output>
  </reporter-output>
  <suite started-at="2026-05-15T08:38:34 IST" name="Suite" finished-at="2026-05-15T08:39:23 IST" duration-ms="49379">
    <groups>
      <group name="ErrorHandling">
        <method signature="ErrorValidationTest.loginErrorValidation()[pri:0, instance:ECommerceProject.Selenium.ErrorValidationTest@3b5fad2d]" name="loginErrorValidation" class="ECommerceProject.Selenium.ErrorValidationTest"/>
      </group> <!-- ErrorHandling -->
      <group name="Purchase">
        <method signature="SubmitOrderTest.submitOrder(java.util.HashMap)[pri:0, instance:ECommerceProject.Selenium.SubmitOrderTest@9816741]" name="submitOrder" class="ECommerceProject.Selenium.SubmitOrderTest"/>
      </group> <!-- Purchase -->
    </groups>
    <test started-at="2026-05-15T08:38:34 IST" name="Error Validations Test" finished-at="2026-05-15T08:38:48 IST" duration-ms="13710">
      <class name="ECommerceProject.Selenium.ErrorValidationTest">
        <test-method is-config="true" signature="launchApplication()[pri:0, instance:ECommerceProject.Selenium.ErrorValidationTest@3b5fad2d]" started-at="2026-05-15T08:38:34 IST" name="launchApplication" finished-at="2026-05-15T08:38:40 IST" duration-ms="5897" status="PASS">
          <reporter-output>
          </reporter-output>
        </test-method> <!-- launchApplication -->
        <test-method signature="loginErrorValidation()[pri:0, instance:ECommerceProject.Selenium.ErrorValidationTest@3b5fad2d]" started-at="2026-05-15T08:38:40 IST" name="loginErrorValidation" finished-at="2026-05-15T08:38:41 IST" duration-ms="1121" status="PASS">
          <reporter-output>
          </reporter-output>
        </test-method> <!-- loginErrorValidation -->
        <test-method is-config="true" signature="tearDown()[pri:0, instance:ECommerceProject.Selenium.ErrorValidationTest@3b5fad2d]" started-at="2026-05-15T08:38:41 IST" name="tearDown" finished-at="2026-05-15T08:38:42 IST" duration-ms="1152" status="PASS">
          <reporter-output>
          </reporter-output>
        </test-method> <!-- tearDown -->
        <test-method is-config="true" signature="launchApplication()[pri:0, instance:ECommerceProject.Selenium.ErrorValidationTest@3b5fad2d]" started-at="2026-05-15T08:38:42 IST" name="launchApplication" finished-at="2026-05-15T08:38:44 IST" duration-ms="2095" status="PASS">
          <reporter-output>
          </reporter-output>
        </test-method> <!-- launchApplication -->
        <test-method signature="productErrorValidation()[pri:0, instance:ECommerceProject.Selenium.ErrorValidationTest@3b5fad2d]" started-at="2026-05-15T08:38:44 IST" name="productErrorValidation" finished-at="2026-05-15T08:38:47 IST" duration-ms="2709" status="PASS">
          <reporter-output>
          </reporter-output>
        </test-method> <!-- productErrorValidation -->
        <test-method is-config="true" signature="tearDown()[pri:0, instance:ECommerceProject.Selenium.ErrorValidationTest@3b5fad2d]" started-at="2026-05-15T08:38:47 IST" name="tearDown" finished-at="2026-05-15T08:38:48 IST" duration-ms="663" status="PASS">
          <reporter-output>
          </reporter-output>
        </test-method> <!-- tearDown -->
      </class> <!-- ECommerceProject.Selenium.ErrorValidationTest -->
    </test> <!-- Error Validations Test -->
    <test started-at="2026-05-15T08:38:34 IST" name="Submit Order Test" finished-at="2026-05-15T08:39:23 IST" duration-ms="49379">
      <class name="ECommerceProject.Selenium.SubmitOrderTest">
        <test-method is-config="true" signature="launchApplication()[pri:0, instance:ECommerceProject.Selenium.SubmitOrderTest@9816741]" started-at="2026-05-15T08:38:34 IST" name="launchApplication" finished-at="2026-05-15T08:38:44 IST" duration-ms="9310" status="PASS">
          <reporter-output>
          </reporter-output>
        </test-method> <!-- launchApplication -->
        <test-method signature="submitOrder(java.util.HashMap)[pri:0, instance:ECommerceProject.Selenium.SubmitOrderTest@9816741]" started-at="2026-05-15T08:38:44 IST" name="submitOrder" data-provider="getData" finished-at="2026-05-15T08:38:59 IST" duration-ms="15765" status="PASS">
          <params>
            <param index="0">
              <value>
                <![CDATA[{password=Divisha@123, email=sugandhasinha07@gmail.com, productName=ADIDAS ORIGINAL}]]>
              </value>
            </param>
          </params>
          <reporter-output>
          </reporter-output>
        </test-method> <!-- submitOrder -->
        <test-method is-config="true" signature="tearDown()[pri:0, instance:ECommerceProject.Selenium.SubmitOrderTest@9816741]" started-at="2026-05-15T08:38:59 IST" name="tearDown" finished-at="2026-05-15T08:39:00 IST" duration-ms="420" status="PASS">
          <reporter-output>
          </reporter-output>
        </test-method> <!-- tearDown -->
        <test-method is-config="true" signature="launchApplication()[pri:0, instance:ECommerceProject.Selenium.SubmitOrderTest@9816741]" started-at="2026-05-15T08:39:00 IST" name="launchApplication" finished-at="2026-05-15T08:39:03 IST" duration-ms="3180" status="PASS">
          <reporter-output>
          </reporter-output>
        </test-method> <!-- launchApplication -->
        <test-method signature="submitOrder(java.util.HashMap)[pri:0, instance:ECommerceProject.Selenium.SubmitOrderTest@9816741]" started-at="2026-05-15T08:39:03 IST" name="submitOrder" data-provider="getData" finished-at="2026-05-15T08:39:18 IST" duration-ms="15438" status="PASS">
          <params>
            <param index="0">
              <value>
                <![CDATA[{password=Divisha@123, email=sugandhasinhadiv@gmail.com, productName=ZARA COAT 3}]]>
              </value>
            </param>
          </params>
          <reporter-output>
          </reporter-output>
        </test-method> <!-- submitOrder -->
        <test-method is-config="true" signature="tearDown()[pri:0, instance:ECommerceProject.Selenium.SubmitOrderTest@9816741]" started-at="2026-05-15T08:39:18 IST" name="tearDown" finished-at="2026-05-15T08:39:19 IST" duration-ms="472" status="PASS">
          <reporter-output>
          </reporter-output>
        </test-method> <!-- tearDown -->
        <test-method is-config="true" signature="launchApplication()[pri:0, instance:ECommerceProject.Selenium.SubmitOrderTest@9816741]" started-at="2026-05-15T08:39:19 IST" name="launchApplication" finished-at="2026-05-15T08:39:22 IST" duration-ms="2696" status="PASS">
          <reporter-output>
          </reporter-output>
        </test-method> <!-- launchApplication -->
        <test-method signature="orderHistoryTest()[pri:0, instance:ECommerceProject.Selenium.SubmitOrderTest@9816741]" started-at="2026-05-15T08:39:22 IST" name="orderHistoryTest" finished-at="2026-05-15T08:39:23 IST" depends-on-methods="ECommerceProject.Selenium.SubmitOrderTest.submitOrder" duration-ms="1469" status="PASS">
          <reporter-output>
          </reporter-output>
        </test-method> <!-- orderHistoryTest -->
        <test-method is-config="true" signature="tearDown()[pri:0, instance:ECommerceProject.Selenium.SubmitOrderTest@9816741]" started-at="2026-05-15T08:39:23 IST" name="tearDown" finished-at="2026-05-15T08:39:23 IST" duration-ms="316" status="PASS">
          <reporter-output>
          </reporter-output>
        </test-method> <!-- tearDown -->
      </class> <!-- ECommerceProject.Selenium.SubmitOrderTest -->
    </test> <!-- Submit Order Test -->
  </suite> <!-- Suite -->
</testng-results>
