<?xml version="1.0" encoding="UTF-8"?>
<!-- Generated by org.testng.reporters.JUnitReportReporter -->
<testsuite hostname="DESKTOP-1POSRRS" failures="0" tests="2" name="ECommerceProject.Selenium.ErrorValidationTest" time="13.637" errors="0" timestamp="2026-05-15T08:39:24 IST" skipped="0">
  <testcase classname="ECommerceProject.Selenium.ErrorValidationTest" name="productErrorValidation" time="5.956"/>
  <testcase classname="ECommerceProject.Selenium.ErrorValidationTest" name="loginErrorValidation" time="7.681"/>
</testsuite> <!-- ECommerceProject.Selenium.ErrorValidationTest -->
