<?xml version="1.0" encoding="UTF-8"?>
<!-- Generated by org.testng.reporters.JUnitReportReporter -->
<testsuite hostname="DESKTOP-1POSRRS" failures="0" tests="3" name="ECommerceProject.Selenium.SubmitOrderTest" time="49.066" errors="0" timestamp="2026-05-15T08:39:24 IST" skipped="0">
  <testcase classname="ECommerceProject.Selenium.SubmitOrderTest" name="submitOrder" time="18.881"/>
  <testcase classname="ECommerceProject.Selenium.SubmitOrderTest" name="submitOrder" time="18.934"/>
  <testcase classname="ECommerceProject.Selenium.SubmitOrderTest" name="orderHistoryTest" time="11.251"/>
</testsuite> <!-- ECommerceProject.Selenium.SubmitOrderTest -->
